<?xml version="1.0" encoding="UTF-8"?>
<!-- Generated by org.testng.reporters.JUnitReportReporter -->
<testsuite hostname="LAPTOP-QKJ109TS" failures="0" tests="1" name="mavenforjenkins.UITest" time="77.187" errors="0" timestamp="2023-06-03T15:41:40 IST" skipped="0">
  <testcase classname="mavenforjenkins.UITest" name="startBrowser" time="77.187"/>
  <system-out/>
</testsuite> <!-- mavenforjenkins.UITest -->
